<?xml version="1.0" encoding="UTF-8"?>
<!-- Generated by org.testng.reporters.JUnitXMLReporter -->
<testsuite hostname="SenthilkumarP" ignored="0" name="Default test" tests="3" failures="0" timestamp="2021-09-03T13:59:53 IST" time="2.852" errors="0">
  <testcase name="test1" time="0.024" classname="org.excel.ExcelTestNG"/>
  <testcase name="test1" time="0.007" classname="org.excel.ExcelTestNG"/>
  <testcase name="test1" time="0.007" classname="org.excel.ExcelTestNG"/>
</testsuite> <!-- Default test -->
