<?xml version="1.0" encoding="UTF-8"?>
<!-- Generated by org.testng.reporters.JUnitXMLReporter -->
<testsuite hostname="SenthilkumarP" ignored="0" name="Test" tests="6" failures="1" timestamp="2021-08-26T19:47:54 IST" time="0.33" errors="0">
  <testcase name="test1" time="0.046" classname="org.testrerun.DemoRerun"/>
  <testcase name="test2" time="0.016" classname="org.testrerun.DemoRerun">
    <skipped/>
  </testcase> <!-- test2 -->
  <testcase name="test2" time="0.016" classname="org.testrerun.DemoRerun">
    <skipped/>
  </testcase> <!-- test2 -->
  <testcase name="test2" time="0.016" classname="org.testrerun.DemoRerun">
    <skipped/>
  </testcase> <!-- test2 -->
  <testcase name="test2" time="0.0" classname="org.testrerun.DemoRerun">
    <failure type="java.lang.AssertionError">
      <![CDATA[java.lang.AssertionError
at org.junit.Assert.fail(Assert.java:86)
at org.junit.Assert.fail(Assert.java:95)
at org.testrerun.DemoRerun.test2(DemoRerun.java:17)
at java.util.ArrayList.forEach(Unknown Source)
... Removed 27 stack frames]]>
    </failure>
  </testcase> <!-- test2 -->
  <testcase name="test3" time="0.016" classname="org.testrerun.DemoRerun"/>
</testsuite> <!-- Test -->
