<?xml version="1.0" encoding="UTF-8"?>
<testng-results skipped="0" failed="0" ignored="0" total="1" passed="1">
  <reporter-output>
  </reporter-output>
  <suite name="Default suite" duration-ms="252" started-at="2021-07-31T08:14:10Z" finished-at="2021-07-31T08:14:11Z">
    <groups>
    </groups>
    <test name="Default test" duration-ms="252" started-at="2021-07-31T08:14:10Z" finished-at="2021-07-31T08:14:11Z">
      <class name="org.test.Sample">
        <test-method status="PASS" signature="test1()[pri:0, instance:org.test.Sample@1e730495]" name="test1" duration-ms="45" started-at="2021-07-31T08:14:11Z" finished-at="2021-07-31T08:14:11Z">
          <reporter-output>
          </reporter-output>
        </test-method> <!-- test1 -->
      </class> <!-- org.test.Sample -->
    </test> <!-- Default test -->
  </suite> <!-- Default suite -->
</testng-results>
