<?xml version="1.0" encoding="UTF-8"?>
<testng-results skipped="0" failed="0" ignored="0" total="1" passed="1">
  <reporter-output>
  </reporter-output>
  <suite name="Default suite" duration-ms="68924" started-at="2021-10-06T20:27:15 IST" finished-at="2021-10-06T20:28:24 IST">
    <groups>
    </groups>
    <test name="Default test" duration-ms="68924" started-at="2021-10-06T20:27:15 IST" finished-at="2021-10-06T20:28:24 IST">
      <class name="org.task.Amazon">
        <test-method status="PASS" signature="Amazon()[pri:0, instance:org.task.Amazon@7a187f14]" name="Amazon" duration-ms="68724" started-at="2021-10-06T20:27:15 IST" finished-at="2021-10-06T20:28:24 IST">
          <reporter-output>
          </reporter-output>
        </test-method> <!-- Amazon -->
      </class> <!-- org.task.Amazon -->
    </test> <!-- Default test -->
  </suite> <!-- Default suite -->
</testng-results>
